# JRE version: OpenJDK Runtime Environment (17.0.5+8) (build 17.0.5+8-LTS)
# Java VM: OpenJDK 64-Bit Server VM (17.0.5+8-LTS, mixed mode, sharing, tiered, compressed oops, compressed class ptrs, g1 gc, linux-amd64)
GC Precious Log:
 CPUs: 8 total, 8 available
 Memory: 15921M
 Large Page Support: Disabled
 NUMA Support: Disabled
 Compressed Oops: Enabled (Zero based)
 Heap Region Size: 2M
 Heap Min Capacity: 8M
 Heap Initial Capacity: 250M
 Heap Max Capacity: 3982M
 Pre-touch: Disabled
 Parallel Workers: 8
 Concurrent Workers: 2
 Concurrent Refinement Workers: 8
 Periodic GC: Disabled
Heap:
 garbage-first heap   total 110592K, used 78892K [0x0000000707200000, 0x0000000800000000)
  region size 2048K, 25 young (51200K), 1 survivors (2048K)
 Metaspace       used 24534K, committed 24832K, reserved 1073152K
  class space    used 3303K, committed 3456K, reserved 1048576K
GC Heap History (6 events):
Event: 2,028 GC heap before
{Heap before GC invocations=0 (full 0):
 garbage-first heap   total 260096K, used 26644K [0x0000000707200000, 0x0000000800000000)
  region size 2048K, 11 young (22528K), 0 survivors (0K)
 Metaspace       used 10145K, committed 10368K, reserved 1064960K
  class space    used 1224K, committed 1344K, reserved 1048576K
}
Event: 2,032 GC heap after
{Heap after GC invocations=1 (full 0):
 garbage-first heap   total 260096K, used 8174K [0x0000000707200000, 0x0000000800000000)
  region size 2048K, 2 young (4096K), 2 survivors (4096K)
 Metaspace       used 10145K, committed 10368K, reserved 1064960K
  class space    used 1224K, committed 1344K, reserved 1048576K
}
Event: 83,197 GC heap before
{Heap before GC invocations=1 (full 0):
 garbage-first heap   total 260096K, used 71662K [0x0000000707200000, 0x0000000800000000)
  region size 2048K, 24 young (49152K), 2 survivors (4096K)
 Metaspace       used 20660K, committed 20928K, reserved 1073152K
  class space    used 2689K, committed 2816K, reserved 1048576K
}
Event: 83,207 GC heap after
{Heap after GC invocations=2 (full 0):
 garbage-first heap   total 260096K, used 26543K [0x0000000707200000, 0x0000000800000000)
  region size 2048K, 3 young (6144K), 3 survivors (6144K)
 Metaspace       used 20660K, committed 20928K, reserved 1073152K
  class space    used 2689K, committed 2816K, reserved 1048576K
}
Event: 83,389 GC heap before
{Heap before GC invocations=2 (full 0):
 garbage-first heap   total 260096K, used 36783K [0x0000000707200000, 0x0000000800000000)
  region size 2048K, 9 young (18432K), 3 survivors (6144K)
 Metaspace       used 21161K, committed 21504K, reserved 1073152K
  class space    used 2744K, committed 2944K, reserved 1048576K
}
Event: 83,392 GC heap after
{Heap after GC invocations=3 (full 0):
 garbage-first heap   total 260096K, used 27692K [0x0000000707200000, 0x0000000800000000)
  region size 2048K, 1 young (2048K), 1 survivors (2048K)
 Metaspace       used 21161K, committed 21504K, reserved 1073152K
  class space    used 2744K, committed 2944K, reserved 1048576K
}

