# JRE version: OpenJDK Runtime Environment (17.0.5+8) (build 17.0.5+8-LTS)
# Java VM: OpenJDK 64-Bit Server VM (17.0.5+8-LTS, mixed mode, sharing, tiered, compressed oops, compressed class ptrs, g1 gc, linux-amd64)
GC Precious Log:
 CPUs: 8 total, 8 available
 Memory: 15938M
 Large Page Support: Disabled
 NUMA Support: Disabled
 Compressed Oops: Enabled (Zero based)
 Heap Region Size: 2M
 Heap Min Capacity: 8M
 Heap Initial Capacity: 250M
 Heap Max Capacity: 3986M
 Pre-touch: Disabled
 Parallel Workers: 8
 Concurrent Workers: 2
 Concurrent Refinement Workers: 8
 Periodic GC: Disabled
Heap:
 garbage-first heap   total 81920K, used 55893K [0x0000000706e00000, 0x0000000800000000)
  region size 2048K, 14 young (28672K), 2 survivors (4096K)
 Metaspace       used 25406K, committed 25792K, reserved 1073152K
  class space    used 3343K, committed 3520K, reserved 1048576K
GC Heap History (13 events):
Event: 27,939 GC heap before
{Heap before GC invocations=0 (full 0):
 garbage-first heap   total 260096K, used 22548K [0x0000000706e00000, 0x0000000800000000)
  region size 2048K, 11 young (22528K), 0 survivors (0K)
 Metaspace       used 11261K, committed 11520K, reserved 1064960K
  class space    used 1355K, committed 1472K, reserved 1048576K
}
Event: 27,942 GC heap after
{Heap after GC invocations=1 (full 0):
 garbage-first heap   total 260096K, used 6719K [0x0000000706e00000, 0x0000000800000000)
  region size 2048K, 2 young (4096K), 2 survivors (4096K)
 Metaspace       used 11261K, committed 11520K, reserved 1064960K
  class space    used 1355K, committed 1472K, reserved 1048576K
}
Event: 39,250 GC heap before
{Heap before GC invocations=1 (full 0):
 garbage-first heap   total 260096K, used 49727K [0x0000000706e00000, 0x0000000800000000)
  region size 2048K, 23 young (47104K), 2 survivors (4096K)
 Metaspace       used 20600K, committed 20864K, reserved 1073152K
  class space    used 2918K, committed 3072K, reserved 1048576K
}
Event: 39,264 GC heap after
{Heap after GC invocations=2 (full 0):
 garbage-first heap   total 260096K, used 15638K [0x0000000706e00000, 0x0000000800000000)
  region size 2048K, 3 young (6144K), 3 survivors (6144K)
 Metaspace       used 20600K, committed 20864K, reserved 1073152K
  class space    used 2918K, committed 3072K, reserved 1048576K
}
Event: 39,423 GC heap before
{Heap before GC invocations=2 (full 0):
 garbage-first heap   total 260096K, used 21782K [0x0000000706e00000, 0x0000000800000000)
  region size 2048K, 7 young (14336K), 3 survivors (6144K)
 Metaspace       used 21261K, committed 21504K, reserved 1073152K
  class space    used 3035K, committed 3200K, reserved 1048576K
}
Event: 39,430 GC heap after
{Heap after GC invocations=3 (full 0):
 garbage-first heap   total 260096K, used 18412K [0x0000000706e00000, 0x0000000800000000)
  region size 2048K, 2 young (4096K), 2 survivors (4096K)
 Metaspace       used 21261K, committed 21504K, reserved 1073152K
  class space    used 3035K, committed 3200K, reserved 1048576K
}
Event: 60,038 GC heap before
{Heap before GC invocations=4 (full 0):
 garbage-first heap   total 81920K, used 57324K [0x0000000706e00000, 0x0000000800000000)
  region size 2048K, 21 young (43008K), 2 survivors (4096K)
 Metaspace       used 24930K, committed 25280K, reserved 1073152K
  class space    used 3332K, committed 3520K, reserved 1048576K
}
Event: 60,050 GC heap after
{Heap after GC invocations=5 (full 0):
 garbage-first heap   total 81920K, used 28164K [0x0000000706e00000, 0x0000000800000000)
  region size 2048K, 3 young (6144K), 3 survivors (6144K)
 Metaspace       used 24930K, committed 25280K, reserved 1073152K
  class space    used 3332K, committed 3520K, reserved 1048576K
}
Event: 60,094 GC heap before
{Heap before GC invocations=5 (full 0):
 garbage-first heap   total 81920K, used 30212K [0x0000000706e00000, 0x0000000800000000)
  region size 2048K, 4 young (8192K), 3 survivors (6144K)
 Metaspace       used 24952K, committed 25344K, reserved 1073152K
  class space    used 3335K, committed 3520K, reserved 1048576K
}
Event: 60,105 GC heap after
{Heap after GC invocations=6 (full 0):
 garbage-first heap   total 81920K, used 28601K [0x0000000706e00000, 0x0000000800000000)
  region size 2048K, 1 young (2048K), 1 survivors (2048K)
 Metaspace       used 24952K, committed 25344K, reserved 1073152K
  class space    used 3335K, committed 3520K, reserved 1048576K
}
Event: 60,504 GC heap before
{Heap before GC invocations=6 (full 0):
 garbage-first heap   total 81920K, used 53177K [0x0000000706e00000, 0x0000000800000000)
  region size 2048K, 13 young (26624K), 1 survivors (2048K)
 Metaspace       used 25158K, committed 25472K, reserved 1073152K
  class space    used 3343K, committed 3520K, reserved 1048576K
}
Event: 60,507 GC heap after
{Heap after GC invocations=7 (full 0):
 garbage-first heap   total 81920K, used 31317K [0x0000000706e00000, 0x0000000800000000)
  region size 2048K, 2 young (4096K), 2 survivors (4096K)
 Metaspace       used 25158K, committed 25472K, reserved 1073152K
  class space    used 3343K, committed 3520K, reserved 1048576K
}
Event: 60,979 GC heap before
{Heap before GC invocations=7 (full 0):
 garbage-first heap   total 81920K, used 55893K [0x0000000706e00000, 0x0000000800000000)
  region size 2048K, 14 young (28672K), 2 survivors (4096K)
 Metaspace       used 25406K, committed 25792K, reserved 1073152K
  class space    used 3343K, committed 3520K, reserved 1048576K
}

