# JRE version: OpenJDK Runtime Environment (17.0.5+8) (build 17.0.5+8-LTS)
# Java VM: OpenJDK 64-Bit Server VM (17.0.5+8-LTS, mixed mode, sharing, tiered, compressed oops, compressed class ptrs, g1 gc, linux-amd64)
GC Precious Log:
 CPUs: 8 total, 8 available
 Memory: 15931M
 Large Page Support: Disabled
 NUMA Support: Disabled
 Compressed Oops: Enabled (Zero based)
 Heap Region Size: 2M
 Heap Min Capacity: 8M
 Heap Initial Capacity: 250M
 Heap Max Capacity: 3984M
 Pre-touch: Disabled
 Parallel Workers: 8
 Concurrent Workers: 2
 Concurrent Refinement Workers: 8
 Periodic GC: Disabled
Heap:
 garbage-first heap   total 116736K, used 57967K [0x0000000707000000, 0x0000000800000000)
  region size 2048K, 17 young (34816K), 2 survivors (4096K)
 Metaspace       used 23547K, committed 23872K, reserved 1073152K
  class space    used 3278K, committed 3456K, reserved 1048576K
GC Heap History (6 events):
Event: 1,045 GC heap before
{Heap before GC invocations=0 (full 0):
 garbage-first heap   total 260096K, used 26644K [0x0000000707000000, 0x0000000800000000)
  region size 2048K, 11 young (22528K), 0 survivors (0K)
 Metaspace       used 10380K, committed 10688K, reserved 1064960K
  class space    used 1237K, committed 1408K, reserved 1048576K
}
Event: 1,049 GC heap after
{Heap after GC invocations=1 (full 0):
 garbage-first heap   total 260096K, used 8553K [0x0000000707000000, 0x0000000800000000)
  region size 2048K, 2 young (4096K), 2 survivors (4096K)
 Metaspace       used 10380K, committed 10688K, reserved 1064960K
  class space    used 1237K, committed 1408K, reserved 1048576K
}
Event: 6,576 GC heap before
{Heap before GC invocations=1 (full 0):
 garbage-first heap   total 260096K, used 59753K [0x0000000707000000, 0x0000000800000000)
  region size 2048K, 23 young (47104K), 2 survivors (4096K)
 Metaspace       used 20278K, committed 20544K, reserved 1073152K
  class space    used 2728K, committed 2880K, reserved 1048576K
}
Event: 6,584 GC heap after
{Heap after GC invocations=2 (full 0):
 garbage-first heap   total 260096K, used 24417K [0x0000000707000000, 0x0000000800000000)
  region size 2048K, 3 young (6144K), 3 survivors (6144K)
 Metaspace       used 20278K, committed 20544K, reserved 1073152K
  class space    used 2728K, committed 2880K, reserved 1048576K
}
Event: 7,026 GC heap before
{Heap before GC invocations=2 (full 0):
 garbage-first heap   total 260096K, used 34657K [0x0000000707000000, 0x0000000800000000)
  region size 2048K, 9 young (18432K), 3 survivors (6144K)
 Metaspace       used 21172K, committed 21504K, reserved 1073152K
  class space    used 2867K, committed 3008K, reserved 1048576K
}
Event: 7,034 GC heap after
{Heap after GC invocations=3 (full 0):
 garbage-first heap   total 260096K, used 27247K [0x0000000707000000, 0x0000000800000000)
  region size 2048K, 2 young (4096K), 2 survivors (4096K)
 Metaspace       used 21172K, committed 21504K, reserved 1073152K
  class space    used 2867K, committed 3008K, reserved 1048576K
}

