# JRE version: OpenJDK Runtime Environment (17.0.5+8) (build 17.0.5+8-LTS)
# Java VM: OpenJDK 64-Bit Server VM (17.0.5+8-LTS, mixed mode, sharing, tiered, compressed oops, compressed class ptrs, g1 gc, linux-amd64)
GC Precious Log:
 CPUs: 8 total, 8 available
 Memory: 15921M
 Large Page Support: Disabled
 NUMA Support: Disabled
 Compressed Oops: Enabled (Zero based)
 Heap Region Size: 2M
 Heap Min Capacity: 8M
 Heap Initial Capacity: 250M
 Heap Max Capacity: 3982M
 Pre-touch: Disabled
 Parallel Workers: 8
 Concurrent Workers: 2
 Concurrent Refinement Workers: 8
 Periodic GC: Disabled
Heap:
 garbage-first heap   total 106496K, used 78023K [0x0000000707200000, 0x0000000800000000)
  region size 2048K, 10 young (20480K), 2 survivors (4096K)
 Metaspace       used 25217K, committed 25600K, reserved 1073152K
  class space    used 3309K, committed 3520K, reserved 1048576K
GC Heap History (17 events):
Event: 0,763 GC heap before
{Heap before GC invocations=0 (full 0):
 garbage-first heap   total 260096K, used 24596K [0x0000000707200000, 0x0000000800000000)
  region size 2048K, 11 young (22528K), 0 survivors (0K)
 Metaspace       used 10434K, committed 10752K, reserved 1064960K
  class space    used 1234K, committed 1408K, reserved 1048576K
}
Event: 0,767 GC heap after
{Heap after GC invocations=1 (full 0):
 garbage-first heap   total 260096K, used 7979K [0x0000000707200000, 0x0000000800000000)
  region size 2048K, 2 young (4096K), 2 survivors (4096K)
 Metaspace       used 10434K, committed 10752K, reserved 1064960K
  class space    used 1234K, committed 1408K, reserved 1048576K
}
Event: 2,233 GC heap before
{Heap before GC invocations=1 (full 0):
 garbage-first heap   total 260096K, used 59179K [0x0000000707200000, 0x0000000800000000)
  region size 2048K, 25 young (51200K), 2 survivors (4096K)
 Metaspace       used 19937K, committed 20288K, reserved 1073152K
  class space    used 2806K, committed 3008K, reserved 1048576K
}
Event: 2,245 GC heap after
{Heap after GC invocations=2 (full 0):
 garbage-first heap   total 260096K, used 20742K [0x0000000707200000, 0x0000000800000000)
  region size 2048K, 4 young (8192K), 4 survivors (8192K)
 Metaspace       used 19937K, committed 20288K, reserved 1073152K
  class space    used 2806K, committed 3008K, reserved 1048576K
}
Event: 2,640 GC heap before
{Heap before GC invocations=2 (full 0):
 garbage-first heap   total 260096K, used 30982K [0x0000000707200000, 0x0000000800000000)
  region size 2048K, 10 young (20480K), 4 survivors (8192K)
 Metaspace       used 21191K, committed 21504K, reserved 1073152K
  class space    used 3037K, committed 3200K, reserved 1048576K
}
Event: 2,650 GC heap after
{Heap after GC invocations=3 (full 0):
 garbage-first heap   total 260096K, used 24677K [0x0000000707200000, 0x0000000800000000)
  region size 2048K, 2 young (4096K), 2 survivors (4096K)
 Metaspace       used 21191K, committed 21504K, reserved 1073152K
  class space    used 3037K, committed 3200K, reserved 1048576K
}
Event: 11,478 GC heap before
{Heap before GC invocations=4 (full 0):
 garbage-first heap   total 102400K, used 73829K [0x0000000707200000, 0x0000000800000000)
  region size 2048K, 22 young (45056K), 2 survivors (4096K)
 Metaspace       used 24388K, committed 24704K, reserved 1073152K
  class space    used 3296K, committed 3456K, reserved 1048576K
}
Event: 11,491 GC heap after
{Heap after GC invocations=5 (full 0):
 garbage-first heap   total 102400K, used 44572K [0x0000000707200000, 0x0000000800000000)
  region size 2048K, 5 young (10240K), 5 survivors (10240K)
 Metaspace       used 24388K, committed 24704K, reserved 1073152K
  class space    used 3296K, committed 3456K, reserved 1048576K
}
Event: 11,502 GC heap before
{Heap before GC invocations=5 (full 0):
 garbage-first heap   total 102400K, used 46620K [0x0000000707200000, 0x0000000800000000)
  region size 2048K, 6 young (12288K), 5 survivors (10240K)
 Metaspace       used 24395K, committed 24704K, reserved 1073152K
  class space    used 3296K, committed 3456K, reserved 1048576K
}
Event: 11,507 GC heap after
{Heap after GC invocations=6 (full 0):
 garbage-first heap   total 102400K, used 46449K [0x0000000707200000, 0x0000000800000000)
  region size 2048K, 1 young (2048K), 1 survivors (2048K)
 Metaspace       used 24395K, committed 24704K, reserved 1073152K
  class space    used 3296K, committed 3456K, reserved 1048576K
}
Event: 11,715 GC heap before
{Heap before GC invocations=6 (full 0):
 garbage-first heap   total 102400K, used 64881K [0x0000000707200000, 0x0000000800000000)
  region size 2048K, 11 young (22528K), 1 survivors (2048K)
 Metaspace       used 24542K, committed 24832K, reserved 1073152K
  class space    used 3304K, committed 3456K, reserved 1048576K
}
Event: 11,716 GC heap after
{Heap after GC invocations=7 (full 0):
 garbage-first heap   total 102400K, used 47687K [0x0000000707200000, 0x0000000800000000)
  region size 2048K, 2 young (4096K), 2 survivors (4096K)
 Metaspace       used 24542K, committed 24832K, reserved 1073152K
  class space    used 3304K, committed 3456K, reserved 1048576K
}
Event: 12,100 GC heap before
{Heap before GC invocations=8 (full 0):
 garbage-first heap   total 102400K, used 70215K [0x0000000707200000, 0x0000000800000000)
  region size 2048K, 14 young (28672K), 2 survivors (4096K)
 Metaspace       used 24779K, committed 25152K, reserved 1073152K
  class space    used 3304K, committed 3456K, reserved 1048576K
}
Event: 12,106 GC heap after
{Heap after GC invocations=9 (full 0):
 garbage-first heap   total 102400K, used 51411K [0x0000000707200000, 0x0000000800000000)
  region size 2048K, 2 young (4096K), 2 survivors (4096K)
 Metaspace       used 24779K, committed 25152K, reserved 1073152K
  class space    used 3304K, committed 3456K, reserved 1048576K
}
Event: 12,318 GC heap before
{Heap before GC invocations=9 (full 0):
 garbage-first heap   total 102400K, used 63699K [0x0000000707200000, 0x0000000800000000)
  region size 2048K, 9 young (18432K), 2 survivors (4096K)
 Metaspace       used 24920K, committed 25280K, reserved 1073152K
  class space    used 3304K, committed 3456K, reserved 1048576K
}
Event: 12,326 GC heap after
{Heap after GC invocations=10 (full 0):
 garbage-first heap   total 102400K, used 56773K [0x0000000707200000, 0x0000000800000000)
  region size 2048K, 2 young (4096K), 2 survivors (4096K)
 Metaspace       used 24920K, committed 25280K, reserved 1073152K
  class space    used 3304K, committed 3456K, reserved 1048576K
}
Event: 17,369 GC heap before
{Heap before GC invocations=11 (full 0):
 garbage-first heap   total 106496K, used 75205K [0x0000000707200000, 0x0000000800000000)
  region size 2048K, 10 young (20480K), 2 survivors (4096K)
 Metaspace       used 25217K, committed 25600K, reserved 1073152K
  class space    used 3309K, committed 3520K, reserved 1048576K
}

