# JRE version: OpenJDK Runtime Environment (17.0.5+8) (build 17.0.5+8-LTS)
# Java VM: OpenJDK 64-Bit Server VM (17.0.5+8-LTS, mixed mode, sharing, tiered, compressed oops, compressed class ptrs, g1 gc, linux-amd64)
GC Precious Log:
 CPUs: 8 total, 8 available
 Memory: 15938M
 Large Page Support: Disabled
 NUMA Support: Disabled
 Compressed Oops: Enabled (Zero based)
 Heap Region Size: 2M
 Heap Min Capacity: 8M
 Heap Initial Capacity: 250M
 Heap Max Capacity: 3986M
 Pre-touch: Disabled
 Parallel Workers: 8
 Concurrent Workers: 2
 Concurrent Refinement Workers: 8
 Periodic GC: Disabled
Heap:
 garbage-first heap   total 81920K, used 46007K [0x0000000706e00000, 0x0000000800000000)
  region size 2048K, 17 young (34816K), 2 survivors (4096K)
 Metaspace       used 23438K, committed 23808K, reserved 1073152K
  class space    used 3278K, committed 3456K, reserved 1048576K
GC Heap History (6 events):
Event: 0,791 GC heap before
{Heap before GC invocations=0 (full 0):
 garbage-first heap   total 260096K, used 22548K [0x0000000706e00000, 0x0000000800000000)
  region size 2048K, 11 young (22528K), 0 survivors (0K)
 Metaspace       used 11064K, committed 11328K, reserved 1064960K
  class space    used 1368K, committed 1472K, reserved 1048576K
}
Event: 0,796 GC heap after
{Heap after GC invocations=1 (full 0):
 garbage-first heap   total 260096K, used 7028K [0x0000000706e00000, 0x0000000800000000)
  region size 2048K, 2 young (4096K), 2 survivors (4096K)
 Metaspace       used 11064K, committed 11328K, reserved 1064960K
  class space    used 1368K, committed 1472K, reserved 1048576K
}
Event: 5,079 GC heap before
{Heap before GC invocations=1 (full 0):
 garbage-first heap   total 260096K, used 41844K [0x0000000706e00000, 0x0000000800000000)
  region size 2048K, 18 young (36864K), 2 survivors (4096K)
 Metaspace       used 20007K, committed 20352K, reserved 1073152K
  class space    used 2716K, committed 2880K, reserved 1048576K
}
Event: 5,088 GC heap after
{Heap after GC invocations=2 (full 0):
 garbage-first heap   total 260096K, used 14648K [0x0000000706e00000, 0x0000000800000000)
  region size 2048K, 3 young (6144K), 3 survivors (6144K)
 Metaspace       used 20007K, committed 20352K, reserved 1073152K
  class space    used 2716K, committed 2880K, reserved 1048576K
}
Event: 5,498 GC heap before
{Heap before GC invocations=2 (full 0):
 garbage-first heap   total 260096K, used 24888K [0x0000000706e00000, 0x0000000800000000)
  region size 2048K, 9 young (18432K), 3 survivors (6144K)
 Metaspace       used 21215K, committed 21504K, reserved 1073152K
  class space    used 2905K, committed 3072K, reserved 1048576K
}
Event: 5,508 GC heap after
{Heap after GC invocations=3 (full 0):
 garbage-first heap   total 260096K, used 17335K [0x0000000706e00000, 0x0000000800000000)
  region size 2048K, 2 young (4096K), 2 survivors (4096K)
 Metaspace       used 21215K, committed 21504K, reserved 1073152K
  class space    used 2905K, committed 3072K, reserved 1048576K
}

