# JRE version: OpenJDK Runtime Environment (17.0.5+8) (build 17.0.5+8-LTS)
# Java VM: OpenJDK 64-Bit Server VM (17.0.5+8-LTS, mixed mode, sharing, tiered, compressed oops, compressed class ptrs, g1 gc, linux-amd64)
GC Precious Log:
 CPUs: 8 total, 8 available
 Memory: 15921M
 Large Page Support: Disabled
 NUMA Support: Disabled
 Compressed Oops: Enabled (Zero based)
 Heap Region Size: 2M
 Heap Min Capacity: 8M
 Heap Initial Capacity: 250M
 Heap Max Capacity: 3982M
 Pre-touch: Disabled
 Parallel Workers: 8
 Concurrent Workers: 2
 Concurrent Refinement Workers: 8
 Periodic GC: Disabled
Heap:
 garbage-first heap   total 194560K, used 130514K [0x0000000707200000, 0x0000000800000000)
  region size 2048K, 4 young (8192K), 3 survivors (6144K)
 Metaspace       used 26682K, committed 27072K, reserved 1073152K
  class space    used 3374K, committed 3584K, reserved 1048576K
GC Heap History (20 events):
Event: 45,072 GC heap before
{Heap before GC invocations=20 (full 0):
 garbage-first heap   total 137216K, used 96654K [0x0000000707200000, 0x0000000800000000)
  region size 2048K, 11 young (22528K), 1 survivors (2048K)
 Metaspace       used 25515K, committed 25920K, reserved 1073152K
  class space    used 3333K, committed 3520K, reserved 1048576K
}
Event: 45,076 GC heap after
{Heap after GC invocations=21 (full 0):
 garbage-first heap   total 137216K, used 82372K [0x0000000707200000, 0x0000000800000000)
  region size 2048K, 2 young (4096K), 2 survivors (4096K)
 Metaspace       used 25515K, committed 25920K, reserved 1073152K
  class space    used 3333K, committed 3520K, reserved 1048576K
}
Event: 54,227 GC heap before
{Heap before GC invocations=21 (full 0):
 garbage-first heap   total 137216K, used 88516K [0x0000000707200000, 0x0000000800000000)
  region size 2048K, 6 young (12288K), 2 survivors (4096K)
 Metaspace       used 25600K, committed 25984K, reserved 1073152K
  class space    used 3334K, committed 3520K, reserved 1048576K
}
Event: 54,232 GC heap after
{Heap after GC invocations=22 (full 0):
 garbage-first heap   total 137216K, used 82925K [0x0000000707200000, 0x0000000800000000)
  region size 2048K, 1 young (2048K), 1 survivors (2048K)
 Metaspace       used 25600K, committed 25984K, reserved 1073152K
  class space    used 3334K, committed 3520K, reserved 1048576K
}
Event: 71,326 GC heap before
{Heap before GC invocations=23 (full 0):
 garbage-first heap   total 151552K, used 103405K [0x0000000707200000, 0x0000000800000000)
  region size 2048K, 11 young (22528K), 1 survivors (2048K)
 Metaspace       used 25821K, committed 26176K, reserved 1073152K
  class space    used 3340K, committed 3520K, reserved 1048576K
}
Event: 71,329 GC heap after
{Heap after GC invocations=24 (full 0):
 garbage-first heap   total 151552K, used 87066K [0x0000000707200000, 0x0000000800000000)
  region size 2048K, 2 young (4096K), 2 survivors (4096K)
 Metaspace       used 25821K, committed 26176K, reserved 1073152K
  class space    used 3340K, committed 3520K, reserved 1048576K
}
Event: 85,247 GC heap before
{Heap before GC invocations=24 (full 0):
 garbage-first heap   total 151552K, used 103450K [0x0000000707200000, 0x0000000800000000)
  region size 2048K, 12 young (24576K), 2 survivors (4096K)
 Metaspace       used 26138K, committed 26496K, reserved 1073152K
  class space    used 3355K, committed 3520K, reserved 1048576K
}
Event: 85,252 GC heap after
{Heap after GC invocations=25 (full 0):
 garbage-first heap   total 151552K, used 90872K [0x0000000707200000, 0x0000000800000000)
  region size 2048K, 2 young (4096K), 2 survivors (4096K)
 Metaspace       used 26138K, committed 26496K, reserved 1073152K
  class space    used 3355K, committed 3520K, reserved 1048576K
}
Event: 145,621 GC heap before
{Heap before GC invocations=26 (full 0):
 garbage-first heap   total 182272K, used 144120K [0x0000000707200000, 0x0000000800000000)
  region size 2048K, 14 young (28672K), 2 survivors (4096K)
 Metaspace       used 26403K, committed 26752K, reserved 1073152K
  class space    used 3363K, committed 3520K, reserved 1048576K
}
Event: 145,627 GC heap after
{Heap after GC invocations=27 (full 0):
 garbage-first heap   total 182272K, used 112072K [0x0000000707200000, 0x0000000800000000)
  region size 2048K, 2 young (4096K), 2 survivors (4096K)
 Metaspace       used 26403K, committed 26752K, reserved 1073152K
  class space    used 3363K, committed 3520K, reserved 1048576K
}
Event: 149,826 GC heap before
{Heap before GC invocations=27 (full 0):
 garbage-first heap   total 182272K, used 118216K [0x0000000707200000, 0x0000000800000000)
  region size 2048K, 4 young (8192K), 2 survivors (4096K)
 Metaspace       used 26451K, committed 26816K, reserved 1073152K
  class space    used 3368K, committed 3584K, reserved 1048576K
}
Event: 149,829 GC heap after
{Heap after GC invocations=28 (full 0):
 garbage-first heap   total 182272K, used 114232K [0x0000000707200000, 0x0000000800000000)
  region size 2048K, 1 young (2048K), 1 survivors (2048K)
 Metaspace       used 26451K, committed 26816K, reserved 1073152K
  class space    used 3368K, committed 3584K, reserved 1048576K
}
Event: 153,324 GC heap before
{Heap before GC invocations=28 (full 0):
 garbage-first heap   total 182272K, used 114232K [0x0000000707200000, 0x0000000800000000)
  region size 2048K, 2 young (4096K), 1 survivors (2048K)
 Metaspace       used 26461K, committed 26816K, reserved 1073152K
  class space    used 3368K, committed 3584K, reserved 1048576K
}
Event: 153,326 GC heap after
{Heap after GC invocations=29 (full 0):
 garbage-first heap   total 182272K, used 111793K [0x0000000707200000, 0x0000000800000000)
  region size 2048K, 1 young (2048K), 1 survivors (2048K)
 Metaspace       used 26461K, committed 26816K, reserved 1073152K
  class space    used 3368K, committed 3584K, reserved 1048576K
}
Event: 153,845 GC heap before
{Heap before GC invocations=30 (full 0):
 garbage-first heap   total 194560K, used 142513K [0x0000000707200000, 0x0000000800000000)
  region size 2048K, 17 young (34816K), 1 survivors (2048K)
 Metaspace       used 26620K, committed 27072K, reserved 1073152K
  class space    used 3374K, committed 3584K, reserved 1048576K
}
Event: 153,849 GC heap after
{Heap after GC invocations=31 (full 0):
 garbage-first heap   total 194560K, used 116243K [0x0000000707200000, 0x0000000800000000)
  region size 2048K, 3 young (6144K), 3 survivors (6144K)
 Metaspace       used 26620K, committed 27072K, reserved 1073152K
  class space    used 3374K, committed 3584K, reserved 1048576K
}
Event: 153,883 GC heap before
{Heap before GC invocations=31 (full 0):
 garbage-first heap   total 194560K, used 118291K [0x0000000707200000, 0x0000000800000000)
  region size 2048K, 4 young (8192K), 3 survivors (6144K)
 Metaspace       used 26624K, committed 27072K, reserved 1073152K
  class space    used 3374K, committed 3584K, reserved 1048576K
}
Event: 153,888 GC heap after
{Heap after GC invocations=32 (full 0):
 garbage-first heap   total 194560K, used 115656K [0x0000000707200000, 0x0000000800000000)
  region size 2048K, 1 young (2048K), 1 survivors (2048K)
 Metaspace       used 26624K, committed 27072K, reserved 1073152K
  class space    used 3374K, committed 3584K, reserved 1048576K
}
Event: 154,156 GC heap before
{Heap before GC invocations=32 (full 0):
 garbage-first heap   total 194560K, used 136136K [0x0000000707200000, 0x0000000800000000)
  region size 2048K, 12 young (24576K), 1 survivors (2048K)
 Metaspace       used 26677K, committed 27072K, reserved 1073152K
  class space    used 3374K, committed 3584K, reserved 1048576K
}
Event: 154,170 GC heap after
{Heap after GC invocations=33 (full 0):
 garbage-first heap   total 194560K, used 124370K [0x0000000707200000, 0x0000000800000000)
  region size 2048K, 3 young (6144K), 3 survivors (6144K)
 Metaspace       used 26677K, committed 27072K, reserved 1073152K
  class space    used 3374K, committed 3584K, reserved 1048576K
}

