<?xml version="1.0" encoding="UTF-8"?>
<testsuite xmlns:xsi="http://www.w3.org/2001/XMLSchema-instance" xsi:noNamespaceSchemaLocation="https://maven.apache.org/surefire/maven-surefire-plugin/xsd/surefire-test-report-3.0.xsd" version="3.0" name="com.pacientes.gestor_pacientes.implementacionDAO.Paciente.DatosPrincipalesDAOImplementacionTest" time="0.068" tests="1" errors="0" skipped="0" failures="0">
  <properties>
[...]
</properties>
  <testcase name="testObtener" classname="com.pacientes.gestor_pacientes.implementacionDAO.Paciente.DatosPrincipalesDAOImplementacionTest" time="0.056"/>
</testsuite>